ID=1001;
Key=log;
Value=Error Type: The File: c:\users\melquiceded\Pictures\desktop.ini Fail To Be decrypted 
 Error Message: Invalid Password 
 Error ID: YkSrw5Uc3b64z2UEJtXPjhurBHpqf6veSii8IA44mjG9f 
 ;
Relation=12/2/2023 11:08:05 PM;
ID=1003;
Key=log;
Value=Error Type: The File: c:\users\melquiceded\Pictures\Camera Roll\desktop.ini Fail To Be decrypted 
 Error Message: Invalid Password 
 Error ID: Wp2Y1ueJ7I0j6L7QrmJnmwQRo1SLs4P5g9nyiCb4O8d 
 ;
Relation=12/2/2023 11:08:06 PM;
ID=1005;
Key=log;
Value=Error Type: The File: c:\users\melquiceded\Pictures\Camera Roll\WIN_20230610_14_28_48_Pro.mp4 Fail To Be decrypted 
 Error Message: Invalid Password 
 Error ID: 6lUz0o6UcqKxqD17DzK2p5GRSDFmG8hw4k4qw4B594119 
 ;
Relation=12/2/2023 11:08:06 PM;
ID=1007;
Key=log;
Value=Error Type: The File: c:\users\melquiceded\Pictures\Camera Roll\WIN_20230610_14_39_35_Pro.mp4 Fail To Be decrypted 
 Error Message: Invalid Password 
 Error ID: 1VuzvJ3wzyXiyDFQYY8LzOwC9q87tm2uhHnn0zu518iC80Y9W 
 ;
Relation=12/2/2023 11:08:06 PM;
ID=1009;
Key=log;
Value=Error Type: The File: c:\users\melquiceded\Pictures\Camera Roll\WIN_20230617_13_46_25_Pro.mp4 Fail To Be decrypted 
 Error Message: Invalid Password 
 Error ID: yV66tP4p9nSb3BIz1ZPM1ZXTs36Vx62deqXJqO181xPL5P 
 ;
Relation=12/2/2023 11:08:06 PM;
ID=1011;
Key=log;
Value=Error Type: The File: c:\users\melquiceded\Pictures\Camera Roll\WIN_20230714_12_49_29_Pro.mp4 Fail To Be decrypted 
 Error Message: Invalid Password 
 Error ID: 5BcO3XBaHnqdTA0ADT6iogOT3Y9y7I0u99fyy2sbtER7nfR0c0 
 ;
Relation=12/2/2023 11:08:06 PM;
ID=1013;
Key=log;
Value=Error Type: The File: c:\users\melquiceded\Pictures\Saved Pictures\desktop.ini Fail To Be decrypted 
 Error Message: Invalid Password 
 Error ID: 1u59K0jkX9z6m9vZ00188PGAtUrhhVM80D1m3Xb6xiZ 
 ;
Relation=12/2/2023 11:08:06 PM;
ID=1015;
Key=log;
Value=Error Type: The File: c:\users\melquiceded\Pictures\Screenshots\desktop.ini Fail To Be decrypted 
 Error Message: Invalid Password 
 Error ID: 1kI5rmd7G936E4Nh8ohTW1W3W30C91t7yx9w3ryKpeIZ0Rjj 
 ;
Relation=12/2/2023 11:08:06 PM;
ID=1017;
Key=log;
Value=Error Type: The File: c:\users\melquiceded\downloads\desktop.ini Fail To Be decrypted 
 Error Message: Invalid Password 
 Error ID: 506pn7cXOs5qvVmi4k1zp80eKM97LB7yUSP4l1iZN0FJPP08M8 
 ;
Relation=12/2/2023 11:21:38 PM;
ID=1019;
Key=log;
Value=Error Type: The File: c:\users\melquiceded\downloads\GitHubDesktopSetup-x64.exe Fail To Be decrypted 
 Error Message: Invalid Password 
 Error ID: 8nSF644NCwKZq8ob4qjYoXc54pu6Cr83BLm4lES9CVBYWB62Kx 
 ;
Relation=12/2/2023 11:21:38 PM;
ID=1021;
Key=log;
Value=Error Type: The File: c:\users\melquiceded\downloads\GOPR0705.JPG Fail To Be decrypted 
 Error Message: Invalid Password 
 Error ID: MEcVI6BP8rz7uYUGuut0y9pONjDNg2N3tTkxs1U462H1 
 ;
Relation=12/2/2023 11:21:38 PM;
ID=1023;
Key=log;
Value=Error Type: The File: c:\users\melquiceded\downloads\hombres.csv Fail To Be decrypted 
 Error Message: Invalid Password 
 Error ID: 898FV0bNNYk83D8JBbONH7z4E7U2W726l948OjFBQCChrI 
 ;
Relation=12/2/2023 11:21:38 PM;
ID=1025;
Key=log;
Value=Error Type: The File: c:\users\melquiceded\downloads\Integrales Multiples (1).pdf Fail To Be decrypted 
 Error Message: Invalid Password 
 Error ID: HZHOMT2SMXUhGL08uqZ1dhZw8m611wf4Ue0wF1s31p3uLA 
 ;
Relation=12/2/2023 11:21:38 PM;
ID=1027;
Key=log;
Value=Error Type: The File: c:\users\melquiceded\downloads\Integrales Multiples.pdf Fail To Be decrypted 
 Error Message: Invalid Password 
 Error ID: J91p39X2Ef1IQ5hZYkBPa68DwDvUp8TMOg8yzJ73Lyye1INAIXBE84Uo 
 ;
Relation=12/2/2023 11:21:38 PM;
ID=1029;
Key=log;
Value=Error Type: The File: c:\users\melquiceded\downloads\LibreOffice_7.6.2_Win_x86-64.msi Fail To Be decrypted 
 Error Message: Invalid Password 
 Error ID: 3NLntw58N4d1713g5h8l3oNDxJ2b7R1FpfFMzy0a9644h 
 ;
Relation=12/2/2023 11:21:38 PM;
ID=1031;
Key=log;
Value=Error Type: The File: c:\users\melquiceded\downloads\LICENSE.txt Fail To Be decrypted 
 Error Message: Invalid Password 
 Error ID: 5rblanP1C1nVCIQlj65KVUPm41oJw56XPPc9AtDbfkEYqIFc51 
 ;
Relation=12/2/2023 11:21:39 PM;
ID=1033;
Key=log;
Value=Error Type: The File: c:\users\melquiceded\downloads\lock.ico Fail To Be decrypted 
 Error Message: Invalid Password 
 Error ID: oPiM45AABRC0pOyruyTs5fNq6yLAWJFDuY9F88cI5ni2wk4k8Y1 
 ;
Relation=12/2/2023 11:21:39 PM;
ID=1035;
Key=log;
Value=Error Type: The File: c:\users\melquiceded\downloads\lock.png Fail To Be decrypted 
 Error Message: Invalid Password 
 Error ID: nq6Z5qmTh2n6l8N5g4a97YdfI2W7zQE4B68BqK2k74X3Dqt2 
 ;
Relation=12/2/2023 11:21:39 PM;
ID=1037;
Key=log;
Value=Error Type: The File: c:\users\melquiceded\downloads\ManSys_Analisis.pdf Fail To Be decrypted 
 Error Message: Invalid Password 
 Error ID: 0C9oCLmn5sKl29nJGsmeao8KPlMn9IFFMBwl23p8x17z7u5W3 
 ;
Relation=12/2/2023 11:21:39 PM;
ID=1039;
Key=log;
Value=Error Type: The File: c:\users\melquiceded\downloads\MAT135 - Ejercicios U1-P2.pdf Fail To Be decrypted 
 Error Message: Invalid Password 
 Error ID: YLzFeOI0OKgOVk47Bwa7vkD8dnF7DX0D85GHxerp3MbLpa3uc58z0 
 ;
Relation=12/2/2023 11:21:39 PM;
ID=1041;
Key=log;
Value=Error Type: The File: c:\users\melquiceded\downloads\MAT135 - PRESENTACION U1-PARTE 2-PDF.pdf Fail To Be decrypted 
 Error Message: Invalid Password 
 Error ID: b1R2q6fGn3LtzIZb26OdPp8REWWwuk688H5VLMz2BJI 
 ;
Relation=12/2/2023 11:21:39 PM;
ID=1043;
Key=log;
Value=Error Type: The File: c:\users\melquiceded\downloads\MAT135 - PRESENTACION U1-PARTE 2-PPSX.ppsx Fail To Be decrypted 
 Error Message: Invalid Password 
 Error ID: sb48Hd8Go16wOz3KRut5k77wZ493GD3TBuCto2uCTIKUU9fcx6G 
 ;
Relation=12/2/2023 11:21:39 PM;
ID=1045;
Key=log;
Value=Error Type: The File: c:\users\melquiceded\downloads\MSI.pdf Fail To Be decrypted 
 Error Message: Invalid Password 
 Error ID: 4bKZg23h82O3n657LOe7E6TJYeFuunnHf1xWDD28K391gd 
 ;
Relation=12/2/2023 11:21:39 PM;
ID=1047;
Key=log;
Value=Error Type: The File: c:\users\melquiceded\downloads\mujeres.csv Fail To Be decrypted 
 Error Message: Invalid Password 
 Error ID: fSYB76GPwGpUQAx8Zn9i72YpV4k6NsqI8k7486uPO2 
 ;
Relation=12/2/2023 11:21:39 PM;
ID=1049;
Key=log;
Value=Error Type: The File: c:\users\melquiceded\downloads\My Husband's Information.docm Fail To Be decrypted 
 Error Message: Invalid Password 
 Error ID: 9S3C59187szXJYryac4YpS50upx82dw6eC1jy24vyUBz002J0 
 ;
Relation=12/2/2023 11:21:39 PM;
ID=1051;
Key=log;
Value=Error Type: The File: c:\users\melquiceded\downloads\Newer-Super-Mario-Bros-[MULTI][USA][iND]-(Torrent).torrent Fail To Be decrypted 
 Error Message: Invalid Password 
 Error ID: f963hcenDHniJvC62ri548h28V6HGAg280621493i5A0H25l22 
 ;
Relation=12/2/2023 11:21:39 PM;
ID=1053;
Key=log;
Value=Error Type: The File: c:\users\melquiceded\downloads\Postman-win64-Setup.exe Fail To Be decrypted 
 Error Message: Invalid Password 
 Error ID: 84AqIVsMHYKtW38AM4EjV1h0gEUBHI9Pk6anrWzQpve7IP8m2rC 
 ;
Relation=12/2/2023 11:21:39 PM;
ID=1055;
Key=log;
Value=Error Type: The File: c:\users\melquiceded\downloads\Practica 3 -3.pdf Fail To Be decrypted 
 Error Message: Invalid Password 
 Error ID: PJq0N7035H2yKJHIrJRCZR48Rwl2SfLF4r6iro5yCf0uOra 
 ;
Relation=12/2/2023 11:21:39 PM;
ID=1057;
Key=log;
Value=Error Type: The File: c:\users\melquiceded\downloads\Practica[1].pdf Fail To Be decrypted 
 Error Message: Invalid Password 
 Error ID: 7SD5v4rcr580qmEfUXa804W7KjIJA6Ec1P3Bdy2IT 
 ;
Relation=12/2/2023 11:21:39 PM;
ID=1059;
Key=log;
Value=Error Type: The File: c:\users\melquiceded\downloads\Praﾌ…tica 1, Cal III.pdf Fail To Be decrypted 
 Error Message: Invalid Password 
 Error ID: ZJ3DKNEt8YKSW2NF25j4Tr8byB5Ax11526a1cUE2McuK0y1 
 ;
Relation=12/2/2023 11:21:39 PM;
ID=1061;
Key=log;
Value=Error Type: The File: c:\users\melquiceded\downloads\Praﾌ…tica 1, Cal III_.pdf Fail To Be decrypted 
 Error Message: Invalid Password 
 Error ID: uIaM5m2FZ18ed5j5X6Hys76lkMI9KSleNlk9SkBJHHos 
 ;
Relation=12/2/2023 11:21:39 PM;
ID=1063;
Key=log;
Value=Error Type: The File: c:\users\melquiceded\downloads\Praﾌ…tica Final, Primer Reporte (1).pdf Fail To Be decrypted 
 Error Message: Invalid Password 
 Error ID: bBzby0o4z8YeoQG3R4GDLhyQhUTQWz47T4w6zb5T749 
 ;
Relation=12/2/2023 11:21:39 PM;
ID=1065;
Key=log;
Value=Error Type: The File: c:\users\melquiceded\downloads\Praﾌ…tica Final, Primer Reporte.pdf Fail To Be decrypted 
 Error Message: Invalid Password 
 Error ID: y467Rp97cuBtdlqV9eZ90Cw08JDUorEal36g010DUxsXB4Bs5S 
 ;
Relation=12/2/2023 11:21:39 PM;
ID=1067;
Key=log;
Value=Error Type: The File: c:\users\melquiceded\downloads\PRESENTACION - UNIDAD 1 - PARTE 2-20231008.zip Fail To Be decrypted 
 Error Message: Invalid Password 
 Error ID: NmOgu57Mq0y5oR6415M2tz885ighC7xVCkV1Ecw54no 
 ;
Relation=12/2/2023 11:21:39 PM;
ID=1069;
Key=log;
Value=Error Type: The File: c:\users\melquiceded\downloads\PRESENTACION - UNIDAD 2 - PARTE 1-20231027.zip Fail To Be decrypted 
 Error Message: Invalid Password 
 Error ID: 39EHfB4SL6DQtuFk1i8N3m7dU95lwmez6T59bXiVtzrg9 
 ;
Relation=12/2/2023 11:21:39 PM;
ID=1071;
Key=log;
Value=Error Type: The File: c:\users\melquiceded\downloads\PRESENTACION - UNIDAD 2 - PARTE 2-20231105.zip Fail To Be decrypted 
 Error Message: Invalid Password 
 Error ID: 17oflueGXUnc73yv4eiD0gRWNBet6qA122Nm3JDr1AA 
 ;
Relation=12/2/2023 11:21:39 PM;
ID=1073;
Key=log;
Value=Error Type: The File: c:\users\melquiceded\downloads\PRESENTACION UNIDAD II - PARTE III-20231109.zip Fail To Be decrypted 
 Error Message: Invalid Password 
 Error ID: l41HWnoh1DAcpd9vtxqCtVB4GfvasoQFfD4L2RKVvqN2zz 
 ;
Relation=12/2/2023 11:21:39 PM;
ID=1075;
Key=log;
Value=Error Type: The File: c:\users\melquiceded\downloads\PRESENTACION UNIDAD III - PARTE I-20231117.zip Fail To Be decrypted 
 Error Message: Invalid Password 
 Error ID: 6bd6FIt3BgCB3Xg4qpGr319DT9Y3BLm2hvhCPkLZM 
 ;
Relation=12/2/2023 11:21:39 PM;
ID=1077;
Key=log;
Value=Error Type: The File: c:\users\melquiceded\downloads\QInstaller_Icon_v3 (1).ico Fail To Be decrypted 
 Error Message: Invalid Password 
 Error ID: khH8x96GY4d0a0U6tvrlhWdMCFqv1VckH0W6e1nmN606Z57d 
 ;
Relation=12/2/2023 11:21:39 PM;
ID=1079;
Key=log;
Value=Error Type: The File: c:\users\melquiceded\downloads\QInstaller_Icon_v3.ico Fail To Be decrypted 
 Error Message: Invalid Password 
 Error ID: K91juyW40P4k74e6rVe846W0jg76S71z1n50PP7qHie 
 ;
Relation=12/2/2023 11:21:39 PM;
ID=1081;
Key=log;
Value=Error Type: The File: c:\users\melquiceded\downloads\QInstaller_Icon_v5.ico Fail To Be decrypted 
 Error Message: Invalid Password 
 Error ID: 66t7F0pZ3Bk23eC8O9V0IPs3vM1WFW8ftxnZ2PUO2CBXPpis12 
 ;
Relation=12/2/2023 11:21:39 PM;
ID=1083;
Key=log;
Value=Error Type: The File: c:\users\melquiceded\downloads\QNote Quick Review.mp4 Fail To Be decrypted 
 Error Message: Invalid Password 
 Error ID: j553AVYBlI8qgE8ZhOTFt5TXm93FDhf5soA2kdas4tWAE1p6v 
 ;
Relation=12/2/2023 11:21:39 PM;
ID=1085;
Key=log;
Value=Error Type: The File: c:\users\melquiceded\downloads\QR Code.png Fail To Be decrypted 
 Error Message: Invalid Password 
 Error ID: ouA5zz1y8mg5yuIxhHKRGshM9RKGb29L9K709JQa80j7llP85O 
 ;
Relation=12/2/2023 11:21:39 PM;
ID=1087;
Key=log;
Value=Error Type: The File: c:\users\melquiceded\downloads\QTLSecure Tutorial.mp4 Fail To Be decrypted 
 Error Message: Invalid Password 
 Error ID: IY4BWzbbFb06GMO90B3T7vcj95pdef9NlUQM51GdaU 
 ;
Relation=12/2/2023 11:21:39 PM;
ID=1089;
Key=log;
Value=Error Type: The File: c:\users\melquiceded\downloads\QTLSecure_Normal_Encryption_Steps.mp4 Fail To Be decrypted 
 Error Message: Invalid Password 
 Error ID: 3CcRI0WoOxjTmv99I3PEj10gTgvY515e0N9iH7jxo6N98F2 
 ;
Relation=12/2/2023 11:21:39 PM;
ID=1091;
Key=log;
Value=Error Type: The File: c:\users\melquiceded\downloads\recibddd.pdf Fail To Be decrypted 
 Error Message: Invalid Password 
 Error ID: Bhtnq53CK548739s8ALnp75zu23W85c9s80wF7ZqRD7 
 ;
Relation=12/2/2023 11:21:39 PM;
ID=1093;
Key=log;
Value=Error Type: The File: c:\users\melquiceded\downloads\recibos.html Fail To Be decrypted 
 Error Message: Invalid Password 
 Error ID: d7Kaci81a4943k8s1L24h33dA6Rv163cmlxko5Gz0La9dOQvO99WO9SW 
 ;
Relation=12/2/2023 11:21:39 PM;
ID=1095;
Key=log;
Value=Error Type: The File: c:\users\melquiceded\downloads\Resolucion problemas ventilacion pulmonar (1).docx Fail To Be decrypted 
 Error Message: Invalid Password 
 Error ID: 3mWxjTsbc5S5S5LgfLk8M2ly5H5z6qpgX0stvhrwP 
 ;
Relation=12/2/2023 11:21:39 PM;
ID=1097;
Key=log;
Value=Error Type: The File: c:\users\melquiceded\downloads\Resolucion problemas ventilacion pulmonar.docx Fail To Be decrypted 
 Error Message: Invalid Password 
 Error ID: rpcdrW4Q9np9n6v04p6aVL4NVcx574Z9nu4dKLPnB0s817 
 ;
Relation=12/2/2023 11:21:39 PM;
ID=1099;
Key=log;
Value=Error Type: The File: c:\users\melquiceded\downloads\s-l140.jpg Fail To Be decrypted 
 Error Message: Invalid Password 
 Error ID: 68u5pBJ6xLU9K674UJqSh8mF4toUI0dqhcuXBsnjoo7 
 ;
Relation=12/2/2023 11:21:39 PM;
ID=1101;
Key=log;
Value=Error Type: The File: c:\users\melquiceded\downloads\Screenshot 2023-10-26 175101.png Fail To Be decrypted 
 Error Message: Invalid Password 
 Error ID: 7gg8X499MQXP0925ny76umeHZoez99UFWzD43xO976q37132 
 ;
Relation=12/2/2023 11:21:39 PM;
ID=1103;
Key=log;
Value=Error Type: The File: c:\users\melquiceded\downloads\Tabla De Deribadas.pdf Fail To Be decrypted 
 Error Message: Invalid Password 
 Error ID: 11k2T5zi0Ekyvk6l1juhMT9a8a2iH95K9z0UxjpIg7m0FO 
 ;
Relation=12/2/2023 11:21:39 PM;
ID=1105;
Key=log;
Value=Error Type: The File: c:\users\melquiceded\downloads\Tarea.pdf Fail To Be decrypted 
 Error Message: Invalid Password 
 Error ID: A8xlNqXPwjfnbxWqMEuG8C2lB43856Npaz1215A0vhPI5fM 
 ;
Relation=12/2/2023 11:21:39 PM;
ID=1107;
Key=log;
Value=Error Type: The File: c:\users\melquiceded\downloads\v.mp4 Fail To Be decrypted 
 Error Message: Invalid Password 
 Error ID: NX8UTfpvUESXQd9CmJ9LuoJnvbwJD14Ztr4W51h5t0OoHvtQ8Iiooh7 
 ;
Relation=12/2/2023 11:21:39 PM;
ID=1109;
Key=log;
Value=Error Type: The File: c:\users\melquiceded\downloads\WhatsApp Image 2023-11-20 at 00.11.25_b94576de.jpg Fail To Be decrypted 
 Error Message: Invalid Password 
 Error ID: IzQZe76XtT7MFWIFEiduy3r0mqE7KQsVKL0o2sTGP0o8P1721 
 ;
Relation=12/2/2023 11:21:39 PM;
ID=1111;
Key=log;
Value=Error Type: The File: c:\users\melquiceded\downloads\WK_1680574_2325.pdf Fail To Be decrypted 
 Error Message: Invalid Password 
 Error ID: gqYC8J8w55BJS2936tpRY6TIr88eSj0ks88UVhu1W3xKByEaD 
 ;
Relation=12/2/2023 11:21:39 PM;
ID=1113;
Key=log;
Value=Error Type: The File: c:\users\melquiceded\downloads\xampp-windows-x64-8.0.28-0-VS16-installer.exe Fail To Be decrypted 
 Error Message: Invalid Password 
 Error ID: 6fJB6R95K9LPKXcf25rKyGp5Y9d5Lpt4jbFj2Jw01QR1M6qpGJ 
 ;
Relation=12/2/2023 11:21:39 PM;
ID=1115;
Key=log;
Value=Error Type: The File: c:\users\melquiceded\downloads\___Tarea.pdf Fail To Be decrypted 
 Error Message: Invalid Password 
 Error ID: wb87R2W4tB2YTN5DJL0sg1U0q5ukF8WPY9wchOtN4WQ4Kb7An7WXQ 
 ;
Relation=12/2/2023 11:21:39 PM;
ID=1117;
Key=log;
Value=Error Type: The File: c:\users\melquiceded\downloads\WiiSaved\private\wii\title\RMCE\data.bin Fail To Be decrypted 
 Error Message: Invalid Password 
 Error ID: RN03jshJUzLGjvwA43eRr00C7A8g3a67R5fJH5bTezoe1412u7 
 ;
Relation=12/2/2023 11:21:39 PM;
ID=1119;
Key=log;
Value=Error Type: The File: c:\users\melquiceded\downloads\WiiSaved\private\wii\title\RMGE\data.bin Fail To Be decrypted 
 Error Message: Invalid Password 
 Error ID: ySWDPVa2V4Uy2cM3LK1M97S24KRIPcMYQ78h94Fwbpl4 
 ;
Relation=12/2/2023 11:21:39 PM;
ID=1121;
Key=log;
Value=Error Type: The File: c:\users\melquiceded\downloads\WiiSaved\private\wii\title\RSBE\data.bin Fail To Be decrypted 
 Error Message: Invalid Password 
 Error ID: E77MJK7t1NJfDl4XD5us6X6OIa57Vh46kuL9O6Gfn62zoNI 
 ;
Relation=12/2/2023 11:21:40 PM;
ID=1123;
Key=log;
Value=Error Type: The File: c:\users\melquiceded\downloads\WiiSaved\private\wii\title\SM3E\data.bin Fail To Be decrypted 
 Error Message: Invalid Password 
 Error ID: 2fRWhvCu8TXHn1YA9FglKXIMGZjiD2Fi7swwUe6grEsmqHSn 
 ;
Relation=12/2/2023 11:21:40 PM;
ID=1125;
Key=log;
Value=Error Type: The File: c:\users\melquiceded\downloads\WiiSaved\private\wii\title\SMNE\data.bin Fail To Be decrypted 
 Error Message: Invalid Password 
 Error ID: 612cPfzWywY582As5zj6Xqm4mtHJOFZUUsg25B3Og57ENfb 
 ;
Relation=12/2/2023 11:21:40 PM;
ID=1127;
Key=log;
Value=Error Type: The File: c:\users\melquiceded\downloads\WiiSaved\private\wii\title\SNXJ\data.bin Fail To Be decrypted 
 Error Message: Invalid Password 
 Error ID: x7nA2vw28nZZJb3VS80SDML0xIa0ko6GBD0rWXsPXLuEK0zN24 
 ;
Relation=12/2/2023 11:21:40 PM;
ID=1129;
Key=log;
Value=Error Type: The File: c:\users\melquiceded\downloads\WiiSaved\private\wii\title\SUKP\data.bin Fail To Be decrypted 
 Error Message: Invalid Password 
 Error ID: nKGYm3iKz4i6W0hF9mA35ncCTPxhb155vaLpsL17Idsoi5 
 ;
Relation=12/2/2023 11:21:40 PM;
